build/app/intermediates/manifest_merge_blame_file/release/manifest-merger-blame-release-report.txt
1<?xml version="1.0" encoding="utf-8"?>
2<manifest xmlns:android="http://schemas.android.com/apk/res/android"
3    package="com.example.notes_keeper"
4    android:versionCode="1"
5    android:versionName="2.3.7" >
6
7    <uses-sdk
8        android:minSdkVersion="21"
8-->src\main\AndroidManifest.xml
9        android:targetSdkVersion="30" />
9-->src\main\AndroidManifest.xml
10
11    <uses-permission android:name="android.permission.WRITE_EXTERNAL_STORAGE" />
11-->src\main\AndroidManifest.xml:3:5-81
11-->src\main\AndroidManifest.xml:3:22-78
12    <uses-permission android:name="android.permission.READ_EXTERNAL_STORAGE" />
12-->src\main\AndroidManifest.xml:4:5-80
12-->src\main\AndroidManifest.xml:4:22-77
13    <uses-permission android:name="android.permission.INTERNET" />
13-->src\main\AndroidManifest.xml:5:5-66
13-->src\main\AndroidManifest.xml:5:22-64
14    <uses-permission android:name="android.permission.ACCESS_NETWORK_STATE" />
14-->[com.google.firebase:firebase-auth:21.0.1] AndroidManifest.xml:24:5-79
14-->[com.google.firebase:firebase-auth:21.0.1] AndroidManifest.xml:24:22-76
15
16    <application
16-->src\main\AndroidManifest.xml:6:4-44:19
17        android:appComponentFactory="androidx.core.app.CoreComponentFactory"
17-->[androidx.core:core:1.1.0] AndroidManifest.xml:24:18-86
18        android:icon="@mipmap/ic_launcher"
18-->src\main\AndroidManifest.xml:8:9-43
19        android:label="Notes Keeper"
19-->src\main\AndroidManifest.xml:7:9-37
20        android:requestLegacyExternalStorage="true" >
20-->src\main\AndroidManifest.xml:9:9-52
21        <activity
21-->src\main\AndroidManifest.xml:10:9-38:20
22            android:name="com.example.notes_keeper.MainActivity"
22-->src\main\AndroidManifest.xml:11:13-41
23            android:configChanges="orientation|keyboardHidden|keyboard|screenSize|smallestScreenSize|locale|layoutDirection|fontScale|screenLayout|density|uiMode"
23-->src\main\AndroidManifest.xml:14:13-163
24            android:hardwareAccelerated="true"
24-->src\main\AndroidManifest.xml:15:13-47
25            android:launchMode="singleTop"
25-->src\main\AndroidManifest.xml:12:13-43
26            android:theme="@style/LaunchTheme"
26-->src\main\AndroidManifest.xml:13:13-47
27            android:windowSoftInputMode="adjustResize" >
27-->src\main\AndroidManifest.xml:16:13-55
28
29            <!--
30                 Specifies an Android theme to apply to this Activity as soon as
31                 the Android process has started. This theme is visible to the user
32                 while the Flutter UI initializes. After that, this theme continues
33                 to determine the Window background behind the Flutter UI.
34            -->
35            <meta-data
35-->src\main\AndroidManifest.xml:21:13-24:17
36                android:name="io.flutter.embedding.android.NormalTheme"
36-->src\main\AndroidManifest.xml:22:15-70
37                android:resource="@style/NormalTheme" />
37-->src\main\AndroidManifest.xml:23:15-52
38            <!--
39                 Displays an Android View that continues showing the launch screen
40                 Drawable until Flutter paints its first frame, then this splash
41                 screen fades out. A splash screen is useful to avoid any visual
42                 gap between the end of Android's launch screen and the painting of
43                 Flutter's first frame.
44            -->
45            <meta-data
45-->src\main\AndroidManifest.xml:30:13-33:17
46                android:name="io.flutter.embedding.android.SplashScreenDrawable"
46-->src\main\AndroidManifest.xml:31:15-79
47                android:resource="@drawable/launch_background" />
47-->src\main\AndroidManifest.xml:32:15-61
48
49            <intent-filter>
49-->src\main\AndroidManifest.xml:34:13-37:29
50                <action android:name="android.intent.action.MAIN" />
50-->src\main\AndroidManifest.xml:35:17-68
50-->src\main\AndroidManifest.xml:35:25-66
51
52                <category android:name="android.intent.category.LAUNCHER" />
52-->src\main\AndroidManifest.xml:36:17-76
52-->src\main\AndroidManifest.xml:36:27-74
53            </intent-filter>
54        </activity>
55        <!--
56             Don't delete the meta-data below.
57             This is used by the Flutter tool to generate GeneratedPluginRegistrant.java
58        -->
59        <meta-data
59-->src\main\AndroidManifest.xml:41:9-43:33
60            android:name="flutterEmbedding"
60-->src\main\AndroidManifest.xml:42:13-44
61            android:value="2" />
61-->src\main\AndroidManifest.xml:43:13-30
62
63        <service
63-->[:firebase_auth] AndroidManifest.xml:8:9-12:19
64            android:name="com.google.firebase.components.ComponentDiscoveryService"
64-->[:firebase_auth] AndroidManifest.xml:8:18-89
65            android:directBootAware="true"
65-->[com.google.firebase:firebase-common:20.0.0] AndroidManifest.xml:35:13-43
66            android:exported="false" >
66-->[com.google.firebase:firebase-auth:21.0.1] AndroidManifest.xml:76:13-37
67            <meta-data
67-->[:firebase_auth] AndroidManifest.xml:9:13-11:85
68                android:name="com.google.firebase.components:io.flutter.plugins.firebase.auth.FlutterFirebaseAuthRegistrar"
68-->[:firebase_auth] AndroidManifest.xml:10:17-124
69                android:value="com.google.firebase.components.ComponentRegistrar" />
69-->[:firebase_auth] AndroidManifest.xml:11:17-82
70            <meta-data
70-->[:cloud_firestore] AndroidManifest.xml:9:13-11:85
71                android:name="com.google.firebase.components:io.flutter.plugins.firebase.firestore.FlutterFirebaseFirestoreRegistrar"
71-->[:cloud_firestore] AndroidManifest.xml:10:17-134
72                android:value="com.google.firebase.components.ComponentRegistrar" />
72-->[:cloud_firestore] AndroidManifest.xml:11:17-82
73            <meta-data
73-->[:firebase_core] AndroidManifest.xml:9:13-11:85
74                android:name="com.google.firebase.components:io.flutter.plugins.firebase.core.FlutterFirebaseCoreRegistrar"
74-->[:firebase_core] AndroidManifest.xml:10:17-124
75                android:value="com.google.firebase.components.ComponentRegistrar" />
75-->[:firebase_core] AndroidManifest.xml:11:17-82
76            <meta-data
76-->[com.google.firebase:firebase-auth:21.0.1] AndroidManifest.xml:77:13-79:85
77                android:name="com.google.firebase.components:com.google.firebase.auth.FirebaseAuthRegistrar"
77-->[com.google.firebase:firebase-auth:21.0.1] AndroidManifest.xml:78:17-109
78                android:value="com.google.firebase.components.ComponentRegistrar" />
78-->[com.google.firebase:firebase-auth:21.0.1] AndroidManifest.xml:79:17-82
79            <meta-data
79-->[com.google.firebase:firebase-firestore:24.0.1] AndroidManifest.xml:20:13-22:85
80                android:name="com.google.firebase.components:com.google.firebase.firestore.FirestoreRegistrar"
80-->[com.google.firebase:firebase-firestore:24.0.1] AndroidManifest.xml:21:17-111
81                android:value="com.google.firebase.components.ComponentRegistrar" />
81-->[com.google.firebase:firebase-firestore:24.0.1] AndroidManifest.xml:22:17-82
82        </service>
83
84        <activity
84-->[com.google.firebase:firebase-auth:21.0.1] AndroidManifest.xml:27:9-44:20
85            android:name="com.google.firebase.auth.internal.GenericIdpActivity"
85-->[com.google.firebase:firebase-auth:21.0.1] AndroidManifest.xml:28:13-80
86            android:excludeFromRecents="true"
86-->[com.google.firebase:firebase-auth:21.0.1] AndroidManifest.xml:29:13-46
87            android:exported="true"
87-->[com.google.firebase:firebase-auth:21.0.1] AndroidManifest.xml:30:13-36
88            android:launchMode="singleTask"
88-->[com.google.firebase:firebase-auth:21.0.1] AndroidManifest.xml:31:13-44
89            android:theme="@android:style/Theme.Translucent.NoTitleBar" >
89-->[com.google.firebase:firebase-auth:21.0.1] AndroidManifest.xml:32:13-72
90            <intent-filter>
90-->[com.google.firebase:firebase-auth:21.0.1] AndroidManifest.xml:33:13-43:29
91                <action android:name="android.intent.action.VIEW" />
91-->[com.google.firebase:firebase-auth:21.0.1] AndroidManifest.xml:34:17-69
91-->[com.google.firebase:firebase-auth:21.0.1] AndroidManifest.xml:34:25-66
92
93                <category android:name="android.intent.category.DEFAULT" />
93-->[com.google.firebase:firebase-auth:21.0.1] AndroidManifest.xml:36:17-76
93-->[com.google.firebase:firebase-auth:21.0.1] AndroidManifest.xml:36:27-73
94                <category android:name="android.intent.category.BROWSABLE" />
94-->[com.google.firebase:firebase-auth:21.0.1] AndroidManifest.xml:37:17-78
94-->[com.google.firebase:firebase-auth:21.0.1] AndroidManifest.xml:37:27-75
95
96                <data
96-->[com.google.firebase:firebase-auth:21.0.1] AndroidManifest.xml:39:17-42:51
97                    android:host="firebase.auth"
97-->[com.google.firebase:firebase-auth:21.0.1] AndroidManifest.xml:40:21-49
98                    android:path="/"
98-->[com.google.firebase:firebase-auth:21.0.1] AndroidManifest.xml:41:21-37
99                    android:scheme="genericidp" />
99-->[com.google.firebase:firebase-auth:21.0.1] AndroidManifest.xml:42:21-48
100            </intent-filter>
101        </activity>
102        <activity
102-->[com.google.firebase:firebase-auth:21.0.1] AndroidManifest.xml:45:9-62:20
103            android:name="com.google.firebase.auth.internal.RecaptchaActivity"
103-->[com.google.firebase:firebase-auth:21.0.1] AndroidManifest.xml:46:13-79
104            android:excludeFromRecents="true"
104-->[com.google.firebase:firebase-auth:21.0.1] AndroidManifest.xml:47:13-46
105            android:exported="true"
105-->[com.google.firebase:firebase-auth:21.0.1] AndroidManifest.xml:48:13-36
106            android:launchMode="singleTask"
106-->[com.google.firebase:firebase-auth:21.0.1] AndroidManifest.xml:49:13-44
107            android:theme="@android:style/Theme.Translucent.NoTitleBar" >
107-->[com.google.firebase:firebase-auth:21.0.1] AndroidManifest.xml:50:13-72
108            <intent-filter>
108-->[com.google.firebase:firebase-auth:21.0.1] AndroidManifest.xml:51:13-61:29
109                <action android:name="android.intent.action.VIEW" />
109-->[com.google.firebase:firebase-auth:21.0.1] AndroidManifest.xml:34:17-69
109-->[com.google.firebase:firebase-auth:21.0.1] AndroidManifest.xml:34:25-66
110
111                <category android:name="android.intent.category.DEFAULT" />
111-->[com.google.firebase:firebase-auth:21.0.1] AndroidManifest.xml:36:17-76
111-->[com.google.firebase:firebase-auth:21.0.1] AndroidManifest.xml:36:27-73
112                <category android:name="android.intent.category.BROWSABLE" />
112-->[com.google.firebase:firebase-auth:21.0.1] AndroidManifest.xml:37:17-78
112-->[com.google.firebase:firebase-auth:21.0.1] AndroidManifest.xml:37:27-75
113
114                <data
114-->[com.google.firebase:firebase-auth:21.0.1] AndroidManifest.xml:39:17-42:51
115                    android:host="firebase.auth"
115-->[com.google.firebase:firebase-auth:21.0.1] AndroidManifest.xml:40:21-49
116                    android:path="/"
116-->[com.google.firebase:firebase-auth:21.0.1] AndroidManifest.xml:41:21-37
117                    android:scheme="recaptcha" />
117-->[com.google.firebase:firebase-auth:21.0.1] AndroidManifest.xml:42:21-48
118            </intent-filter>
119        </activity>
120
121        <service
121-->[com.google.firebase:firebase-auth:21.0.1] AndroidManifest.xml:64:9-73:19
122            android:name="com.google.firebase.auth.api.fallback.service.FirebaseAuthFallbackService"
122-->[com.google.firebase:firebase-auth:21.0.1] AndroidManifest.xml:65:13-101
123            android:enabled="true"
123-->[com.google.firebase:firebase-auth:21.0.1] AndroidManifest.xml:66:13-35
124            android:exported="false" >
124-->[com.google.firebase:firebase-auth:21.0.1] AndroidManifest.xml:67:13-37
125            <intent-filter>
125-->[com.google.firebase:firebase-auth:21.0.1] AndroidManifest.xml:68:13-72:29
126                <action android:name="com.google.firebase.auth.api.gms.service.START" />
126-->[com.google.firebase:firebase-auth:21.0.1] AndroidManifest.xml:69:17-89
126-->[com.google.firebase:firebase-auth:21.0.1] AndroidManifest.xml:69:25-86
127
128                <category android:name="android.intent.category.DEFAULT" />
128-->[com.google.firebase:firebase-auth:21.0.1] AndroidManifest.xml:36:17-76
128-->[com.google.firebase:firebase-auth:21.0.1] AndroidManifest.xml:36:27-73
129            </intent-filter>
130        </service>
131
132        <provider
132-->[com.google.firebase:firebase-common:20.0.0] AndroidManifest.xml:26:9-31:39
133            android:name="com.google.firebase.provider.FirebaseInitProvider"
133-->[com.google.firebase:firebase-common:20.0.0] AndroidManifest.xml:27:13-77
134            android:authorities="com.example.notes_keeper.firebaseinitprovider"
134-->[com.google.firebase:firebase-common:20.0.0] AndroidManifest.xml:28:13-72
135            android:directBootAware="true"
135-->[com.google.firebase:firebase-common:20.0.0] AndroidManifest.xml:29:13-43
136            android:exported="false"
136-->[com.google.firebase:firebase-common:20.0.0] AndroidManifest.xml:30:13-37
137            android:initOrder="100" />
137-->[com.google.firebase:firebase-common:20.0.0] AndroidManifest.xml:31:13-36
138
139        <activity
139-->[com.google.android.gms:play-services-base:17.1.0] AndroidManifest.xml:23:9-26:75
140            android:name="com.google.android.gms.common.api.GoogleApiActivity"
140-->[com.google.android.gms:play-services-base:17.1.0] AndroidManifest.xml:24:13-79
141            android:exported="false"
141-->[com.google.android.gms:play-services-base:17.1.0] AndroidManifest.xml:25:13-37
142            android:theme="@android:style/Theme.Translucent.NoTitleBar" />
142-->[com.google.android.gms:play-services-base:17.1.0] AndroidManifest.xml:26:13-72
143
144        <meta-data
144-->[com.google.android.gms:play-services-basement:17.1.0] AndroidManifest.xml:23:9-25:69
145            android:name="com.google.android.gms.version"
145-->[com.google.android.gms:play-services-basement:17.1.0] AndroidManifest.xml:24:13-58
146            android:value="@integer/google_play_services_version" />
146-->[com.google.android.gms:play-services-basement:17.1.0] AndroidManifest.xml:25:13-66
147    </application>
148
149</manifest>